Flow report for DE10_Standard_AD9913
Wed Feb 06 16:15:38 2019
Quartus Prime Version 17.0.0 Build 595 04/25/2017 SJ Lite Edition


---------------------
; Table of Contents ;
---------------------
  1. Legal Notice
  2. Flow Summary
  3. Flow Settings
  4. Flow Non-Default Global Settings
  5. Flow Elapsed Time
  6. Flow OS Summary
  7. Flow Log
  8. Flow Messages
  9. Flow Suppressed Messages



----------------
; Legal Notice ;
----------------
Copyright (C) 2017  Intel Corporation. All rights reserved.
Your use of Intel Corporation's design tools, logic functions 
and other software and tools, and its AMPP partner logic 
functions, and any output files from any of the foregoing 
(including device programming or simulation files), and any 
associated documentation or information are expressly subject 
to the terms and conditions of the Intel Program License 
Subscription Agreement, the Intel Quartus Prime License Agreement,
the Intel MegaCore Function License Agreement, or other 
applicable license agreement, including, without limitation, 
that your use is for the sole purpose of programming logic 
devices manufactured by Intel and sold by Intel or its 
authorized distributors.  Please refer to the applicable 
agreement for further details.



+-------------------------------------------------------------------------------+
; Flow Summary                                                                  ;
+---------------------------------+---------------------------------------------+
; Flow Status                     ; Successful - Wed Feb 06 16:15:38 2019       ;
; Quartus Prime Version           ; 17.0.0 Build 595 04/25/2017 SJ Lite Edition ;
; Revision Name                   ; DE10_Standard_AD9913                        ;
; Top-level Entity Name           ; DE10_Standard_AD9913                        ;
; Family                          ; Cyclone V                                   ;
; Device                          ; 5CSXFC6D6F31C6                              ;
; Timing Models                   ; Final                                       ;
; Logic utilization (in ALMs)     ; 573 / 41,910 ( 1 % )                        ;
; Total registers                 ; 945                                         ;
; Total pins                      ; 64 / 499 ( 13 % )                           ;
; Total virtual pins              ; 0                                           ;
; Total block memory bits         ; 512 / 5,662,720 ( < 1 % )                   ;
; Total DSP Blocks                ; 0 / 112 ( 0 % )                             ;
; Total HSSI RX PCSs              ; 0 / 9 ( 0 % )                               ;
; Total HSSI PMA RX Deserializers ; 0 / 9 ( 0 % )                               ;
; Total HSSI TX PCSs              ; 0 / 9 ( 0 % )                               ;
; Total HSSI PMA TX Serializers   ; 0 / 9 ( 0 % )                               ;
; Total PLLs                      ; 0 / 15 ( 0 % )                              ;
; Total DLLs                      ; 0 / 4 ( 0 % )                               ;
+---------------------------------+---------------------------------------------+


+------------------------------------------+
; Flow Settings                            ;
+-------------------+----------------------+
; Option            ; Setting              ;
+-------------------+----------------------+
; Start date & time ; 02/06/2019 16:12:50  ;
; Main task         ; Compilation          ;
; Revision Name     ; DE10_Standard_AD9913 ;
+-------------------+----------------------+


+----------------------------------------------------------------------------------------------------------------------------------------------------+
; Flow Non-Default Global Settings                                                                                                                   ;
+----------------------------------------+----------------------------------------------------+---------------+-------------+------------------------+
; Assignment Name                        ; Value                                              ; Default Value ; Entity Name ; Section Id             ;
+----------------------------------------+----------------------------------------------------+---------------+-------------+------------------------+
; COMPILER_SIGNATURE_ID                  ; 84440849861146.154948756906320                     ; --            ; --          ; --                     ;
; EDA_DESIGN_INSTANCE_NAME               ; NA                                                 ; --            ; --          ; TF_SPI_Bus_Transceiver ;
; EDA_NATIVELINK_SIMULATION_SETUP_SCRIPT ; simulation/modelsim/TF_SPI_Bus_Transceiver_Wave.do ; --            ; --          ; eda_simulation         ;
; EDA_NATIVELINK_SIMULATION_TEST_BENCH   ; TF_SPI_Bus_Transceiver                             ; --            ; --          ; eda_simulation         ;
; EDA_OUTPUT_DATA_FORMAT                 ; Verilog Hdl                                        ; --            ; --          ; eda_simulation         ;
; EDA_SIMULATION_TOOL                    ; ModelSim-Altera (Verilog)                          ; <None>        ; --          ; --                     ;
; EDA_TEST_BENCH_ENABLE_STATUS           ; TEST_BENCH_MODE                                    ; --            ; --          ; eda_simulation         ;
; EDA_TEST_BENCH_FILE                    ; TF_SPI_Bus_Transceiver.v                           ; --            ; --          ; TF_SPI_Bus_Transceiver ;
; EDA_TEST_BENCH_MODULE_NAME             ; TF_SPI_Bus_Transceiver                             ; --            ; --          ; TF_SPI_Bus_Transceiver ;
; EDA_TEST_BENCH_NAME                    ; TF_SPI_Bus_Transceiver                             ; --            ; --          ; eda_simulation         ;
; EDA_TEST_BENCH_RUN_SIM_FOR             ; 10 us                                              ; --            ; --          ; TF_SPI_Bus_Transceiver ;
; EDA_TIME_SCALE                         ; 1 ps                                               ; --            ; --          ; eda_simulation         ;
; MAX_CORE_JUNCTION_TEMP                 ; 85                                                 ; --            ; --          ; --                     ;
; MIN_CORE_JUNCTION_TEMP                 ; 0                                                  ; --            ; --          ; --                     ;
; PARTITION_COLOR                        ; -- (Not supported for targeted family)             ; --            ; --          ; Top                    ;
; PARTITION_FITTER_PRESERVATION_LEVEL    ; -- (Not supported for targeted family)             ; --            ; --          ; Top                    ;
; PARTITION_NETLIST_TYPE                 ; -- (Not supported for targeted family)             ; --            ; --          ; Top                    ;
; POWER_BOARD_THERMAL_MODEL              ; None (CONSERVATIVE)                                ; --            ; --          ; --                     ;
; POWER_PRESET_COOLING_SOLUTION          ; 23 MM HEAT SINK WITH 200 LFPM AIRFLOW              ; --            ; --          ; --                     ;
+----------------------------------------+----------------------------------------------------+---------------+-------------+------------------------+


+-------------------------------------------------------------------------------------------------------------------------------+
; Flow Elapsed Time                                                                                                             ;
+---------------------------+--------------+-------------------------+---------------------+------------------------------------+
; Module Name               ; Elapsed Time ; Average Processors Used ; Peak Virtual Memory ; Total CPU Time (on all processors) ;
+---------------------------+--------------+-------------------------+---------------------+------------------------------------+
; Analysis & Synthesis      ; 00:00:58     ; 1.0                     ; 4968 MB             ; 00:02:00                           ;
; Fitter                    ; 00:01:19     ; 1.1                     ; 6642 MB             ; 00:02:50                           ;
; Assembler                 ; 00:00:12     ; 1.0                     ; 4858 MB             ; 00:00:08                           ;
; TimeQuest Timing Analyzer ; 00:00:10     ; 1.3                     ; 5207 MB             ; 00:00:12                           ;
; EDA Netlist Writer        ; 00:00:03     ; 1.0                     ; 4787 MB             ; 00:00:03                           ;
; Total                     ; 00:02:42     ; --                      ; --                  ; 00:05:13                           ;
+---------------------------+--------------+-------------------------+---------------------+------------------------------------+


+-----------------------------------------------------------------------------------------+
; Flow OS Summary                                                                         ;
+---------------------------+------------------+------------+------------+----------------+
; Module Name               ; Machine Hostname ; OS Name    ; OS Version ; Processor type ;
+---------------------------+------------------+------------+------------+----------------+
; Analysis & Synthesis      ; MSI              ; Windows 10 ; 10.0       ; x86_64         ;
; Fitter                    ; MSI              ; Windows 10 ; 10.0       ; x86_64         ;
; Assembler                 ; MSI              ; Windows 10 ; 10.0       ; x86_64         ;
; TimeQuest Timing Analyzer ; MSI              ; Windows 10 ; 10.0       ; x86_64         ;
; EDA Netlist Writer        ; MSI              ; Windows 10 ; 10.0       ; x86_64         ;
+---------------------------+------------------+------------+------------+----------------+


------------
; Flow Log ;
------------
quartus_map --read_settings_files=on --write_settings_files=off DE10_Standard_AD9913 -c DE10_Standard_AD9913
quartus_fit --read_settings_files=off --write_settings_files=off DE10_Standard_AD9913 -c DE10_Standard_AD9913
quartus_asm --read_settings_files=off --write_settings_files=off DE10_Standard_AD9913 -c DE10_Standard_AD9913
quartus_sta DE10_Standard_AD9913 -c DE10_Standard_AD9913
quartus_eda --read_settings_files=off --write_settings_files=off DE10_Standard_AD9913 -c DE10_Standard_AD9913



